# JRE version: OpenJDK Runtime Environment Temurin-21.0.4+7 (21.0.4+7) (build 21.0.4+7-LTS)
# Java VM: OpenJDK 64-Bit Server VM Temurin-21.0.4+7 (21.0.4+7-LTS, mixed mode, emulated-client, tiered, compressed oops, compressed class ptrs, g1 gc, windows-amd64)
GC Precious Log:
 CardTable entry size: 512
 Card Set container configuration: InlinePtr #cards 5 size 8 Array Of Cards #cards 12 size 40 Howl #buckets 4 coarsen threshold 1843 Howl Bitmap #cards 512 size 80 coarsen threshold 460 Card regions per heap region 1 cards per card region 2048
 CPUs: 8 total, 8 available
 Memory: 7995M
 Large Page Support: Disabled
 NUMA Support: Disabled
 Compressed Oops: Enabled (32-bit)
 Heap Region Size: 1M
 Heap Min Capacity: 8M
 Heap Initial Capacity: 126M
 Heap Max Capacity: 2000M
 Pre-touch: Disabled
 Parallel Workers: 8
 Concurrent Workers: 2
 Concurrent Refinement Workers: 8
 Periodic GC: Disabled
Heap:
 garbage-first heap   total 96256K, used 81171K [0x0000000083000000, 0x0000000100000000)
  region size 1024K, 50 young (51200K), 4 survivors (4096K)
 Metaspace       used 95022K, committed 95808K, reserved 1179648K
  class space    used 12917K, committed 13312K, reserved 1048576K
GC Heap History (20 events):
Event: 2398.181 GC heap after
{Heap after GC invocations=49 (full 3):
 garbage-first heap   total 96256K, used 33745K [0x0000000083000000, 0x0000000100000000)
  region size 1024K, 6 young (6144K), 6 survivors (6144K)
 Metaspace       used 92282K, committed 93056K, reserved 1179648K
  class space    used 12614K, committed 12992K, reserved 1048576K
}
Event: 2399.621 GC heap before
{Heap before GC invocations=49 (full 3):
 garbage-first heap   total 96256K, used 80849K [0x0000000083000000, 0x0000000100000000)
  region size 1024K, 52 young (53248K), 6 survivors (6144K)
 Metaspace       used 92916K, committed 93696K, reserved 1179648K
  class space    used 12680K, committed 13056K, reserved 1048576K
}
Event: 2399.641 GC heap after
{Heap after GC invocations=50 (full 3):
 garbage-first heap   total 96256K, used 37063K [0x0000000083000000, 0x0000000100000000)
  region size 1024K, 4 young (4096K), 4 survivors (4096K)
 Metaspace       used 92916K, committed 93696K, reserved 1179648K
  class space    used 12680K, committed 13056K, reserved 1048576K
}
Event: 2616.910 GC heap before
{Heap before GC invocations=50 (full 3):
 garbage-first heap   total 96256K, used 81095K [0x0000000083000000, 0x0000000100000000)
  region size 1024K, 48 young (49152K), 4 survivors (4096K)
 Metaspace       used 93411K, committed 94208K, reserved 1179648K
  class space    used 12752K, committed 13120K, reserved 1048576K
}
Event: 2616.927 GC heap after
{Heap after GC invocations=51 (full 3):
 garbage-first heap   total 96256K, used 40696K [0x0000000083000000, 0x0000000100000000)
  region size 1024K, 4 young (4096K), 4 survivors (4096K)
 Metaspace       used 93411K, committed 94208K, reserved 1179648K
  class space    used 12752K, committed 13120K, reserved 1048576K
}
Event: 3072.241 GC heap before
{Heap before GC invocations=52 (full 3):
 garbage-first heap   total 96256K, used 81656K [0x0000000083000000, 0x0000000100000000)
  region size 1024K, 45 young (46080K), 4 survivors (4096K)
 Metaspace       used 93260K, committed 94208K, reserved 1179648K
  class space    used 12716K, committed 13120K, reserved 1048576K
}
Event: 3072.251 GC heap after
{Heap after GC invocations=53 (full 3):
 garbage-first heap   total 96256K, used 40292K [0x0000000083000000, 0x0000000100000000)
  region size 1024K, 1 young (1024K), 1 survivors (1024K)
 Metaspace       used 93260K, committed 94208K, reserved 1179648K
  class space    used 12716K, committed 13120K, reserved 1048576K
}
Event: 3392.273 GC heap before
{Heap before GC invocations=53 (full 3):
 garbage-first heap   total 96256K, used 69988K [0x0000000083000000, 0x0000000100000000)
  region size 1024K, 31 young (31744K), 1 survivors (1024K)
 Metaspace       used 93268K, committed 94208K, reserved 1179648K
  class space    used 12718K, committed 13120K, reserved 1048576K
}
Event: 3392.360 GC heap after
{Heap after GC invocations=54 (full 4):
 garbage-first heap   total 96256K, used 28362K [0x0000000083000000, 0x0000000100000000)
  region size 1024K, 0 young (0K), 0 survivors (0K)
 Metaspace       used 93189K, committed 94208K, reserved 1179648K
  class space    used 12697K, committed 13120K, reserved 1048576K
}
Event: 3393.781 GC heap before
{Heap before GC invocations=54 (full 4):
 garbage-first heap   total 96256K, used 81610K [0x0000000083000000, 0x0000000100000000)
  region size 1024K, 53 young (54272K), 0 survivors (0K)
 Metaspace       used 93527K, committed 94272K, reserved 1179648K
  class space    used 12758K, committed 13120K, reserved 1048576K
}
Event: 3393.787 GC heap after
{Heap after GC invocations=55 (full 4):
 garbage-first heap   total 96256K, used 33971K [0x0000000083000000, 0x0000000100000000)
  region size 1024K, 6 young (6144K), 6 survivors (6144K)
 Metaspace       used 93527K, committed 94272K, reserved 1179648K
  class space    used 12758K, committed 13120K, reserved 1048576K
}
Event: 3394.801 GC heap before
{Heap before GC invocations=55 (full 4):
 garbage-first heap   total 96256K, used 80051K [0x0000000083000000, 0x0000000100000000)
  region size 1024K, 51 young (52224K), 6 survivors (6144K)
 Metaspace       used 94153K, committed 94912K, reserved 1179648K
  class space    used 12821K, committed 13184K, reserved 1048576K
}
Event: 3394.811 GC heap after
{Heap after GC invocations=56 (full 4):
 garbage-first heap   total 96256K, used 37195K [0x0000000083000000, 0x0000000100000000)
  region size 1024K, 4 young (4096K), 4 survivors (4096K)
 Metaspace       used 94153K, committed 94912K, reserved 1179648K
  class space    used 12821K, committed 13184K, reserved 1048576K
}
Event: 3566.567 GC heap before
{Heap before GC invocations=56 (full 4):
 garbage-first heap   total 96256K, used 81227K [0x0000000083000000, 0x0000000100000000)
  region size 1024K, 47 young (48128K), 4 survivors (4096K)
 Metaspace       used 94512K, committed 95360K, reserved 1179648K
  class space    used 12870K, committed 13248K, reserved 1048576K
}
Event: 3566.582 GC heap after
{Heap after GC invocations=57 (full 4):
 garbage-first heap   total 96256K, used 40847K [0x0000000083000000, 0x0000000100000000)
  region size 1024K, 4 young (4096K), 4 survivors (4096K)
 Metaspace       used 94512K, committed 95360K, reserved 1179648K
  class space    used 12870K, committed 13248K, reserved 1048576K
}
Event: 3814.899 GC heap before
{Heap before GC invocations=58 (full 4):
 garbage-first heap   total 96256K, used 63375K [0x0000000083000000, 0x0000000100000000)
  region size 1024K, 27 young (27648K), 4 survivors (4096K)
 Metaspace       used 94365K, committed 95360K, reserved 1179648K
  class space    used 12836K, committed 13248K, reserved 1048576K
}
Event: 3814.950 GC heap after
{Heap after GC invocations=59 (full 5):
 garbage-first heap   total 96256K, used 28716K [0x0000000083000000, 0x0000000100000000)
  region size 1024K, 0 young (0K), 0 survivors (0K)
 Metaspace       used 94278K, committed 95360K, reserved 1179648K
  class space    used 12813K, committed 13248K, reserved 1048576K
}
Event: 3816.308 GC heap before
{Heap before GC invocations=59 (full 5):
 garbage-first heap   total 96256K, used 80940K [0x0000000083000000, 0x0000000100000000)
  region size 1024K, 51 young (52224K), 0 survivors (0K)
 Metaspace       used 94617K, committed 95424K, reserved 1179648K
  class space    used 12873K, committed 13248K, reserved 1048576K
}
Event: 3816.314 GC heap after
{Heap after GC invocations=60 (full 5):
 garbage-first heap   total 96256K, used 34068K [0x0000000083000000, 0x0000000100000000)
  region size 1024K, 6 young (6144K), 6 survivors (6144K)
 Metaspace       used 94617K, committed 95424K, reserved 1179648K
  class space    used 12873K, committed 13248K, reserved 1048576K
}
Event: 5607.282 GC heap before
{Heap before GC invocations=60 (full 5):
 garbage-first heap   total 96256K, used 80148K [0x0000000083000000, 0x0000000100000000)
  region size 1024K, 52 young (53248K), 6 survivors (6144K)
 Metaspace       used 95022K, committed 95808K, reserved 1179648K
  class space    used 12917K, committed 13312K, reserved 1048576K
}

