# JRE version: OpenJDK Runtime Environment Temurin-21.0.4+7 (21.0.4+7) (build 21.0.4+7-LTS)
# Java VM: OpenJDK 64-Bit Server VM Temurin-21.0.4+7 (21.0.4+7-LTS, mixed mode, emulated-client, tiered, compressed oops, compressed class ptrs, g1 gc, windows-amd64)
GC Precious Log:
 CardTable entry size: 512
 Card Set container configuration: InlinePtr #cards 5 size 8 Array Of Cards #cards 12 size 40 Howl #buckets 4 coarsen threshold 1843 Howl Bitmap #cards 512 size 80 coarsen threshold 460 Card regions per heap region 1 cards per card region 2048
 CPUs: 8 total, 8 available
 Memory: 7995M
 Large Page Support: Disabled
 NUMA Support: Disabled
 Compressed Oops: Enabled (32-bit)
 Heap Region Size: 1M
 Heap Min Capacity: 8M
 Heap Initial Capacity: 126M
 Heap Max Capacity: 2000M
 Pre-touch: Disabled
 Parallel Workers: 8
 Concurrent Workers: 2
 Concurrent Refinement Workers: 8
 Periodic GC: Disabled
Heap:
 garbage-first heap   total 98304K, used 75280K [0x0000000083000000, 0x0000000100000000)
  region size 1024K, 28 young (28672K), 5 survivors (5120K)
 Metaspace       used 101347K, committed 102464K, reserved 1179648K
  class space    used 13561K, committed 14080K, reserved 1048576K
GC Heap History (20 events):
Event: 6522.751 GC heap after
{Heap after GC invocations=101 (full 8):
 garbage-first heap   total 98304K, used 43328K [0x0000000083000000, 0x0000000100000000)
  region size 1024K, 7 young (7168K), 7 survivors (7168K)
 Metaspace       used 100153K, committed 101184K, reserved 1179648K
  class space    used 13435K, committed 13888K, reserved 1048576K
}
Event: 6932.057 GC heap before
{Heap before GC invocations=101 (full 8):
 garbage-first heap   total 98304K, used 83264K [0x0000000083000000, 0x0000000100000000)
  region size 1024K, 46 young (47104K), 7 survivors (7168K)
 Metaspace       used 100155K, committed 101184K, reserved 1179648K
  class space    used 13435K, committed 13888K, reserved 1048576K
}
Event: 6932.063 GC heap after
{Heap after GC invocations=102 (full 8):
 garbage-first heap   total 98304K, used 44062K [0x0000000083000000, 0x0000000100000000)
  region size 1024K, 1 young (1024K), 1 survivors (1024K)
 Metaspace       used 100155K, committed 101184K, reserved 1179648K
  class space    used 13435K, committed 13888K, reserved 1048576K
}
Event: 7164.276 GC heap before
{Heap before GC invocations=103 (full 8):
 garbage-first heap   total 98304K, used 64542K [0x0000000083000000, 0x0000000100000000)
  region size 1024K, 22 young (22528K), 1 survivors (1024K)
 Metaspace       used 100094K, committed 101184K, reserved 1179648K
  class space    used 13418K, committed 13888K, reserved 1048576K
}
Event: 7164.328 GC heap after
{Heap after GC invocations=104 (full 9):
 garbage-first heap   total 98304K, used 35256K [0x0000000083000000, 0x0000000100000000)
  region size 1024K, 0 young (0K), 0 survivors (0K)
 Metaspace       used 100014K, committed 101184K, reserved 1179648K
  class space    used 13397K, committed 13888K, reserved 1048576K
}
Event: 7164.979 GC heap before
{Heap before GC invocations=104 (full 9):
 garbage-first heap   total 98304K, used 85432K [0x0000000083000000, 0x0000000100000000)
  region size 1024K, 50 young (51200K), 0 survivors (0K)
 Metaspace       used 100367K, committed 101376K, reserved 1179648K
  class space    used 13458K, committed 13888K, reserved 1048576K
}
Event: 7164.985 GC heap after
{Heap after GC invocations=105 (full 9):
 garbage-first heap   total 98304K, used 40480K [0x0000000083000000, 0x0000000100000000)
  region size 1024K, 6 young (6144K), 6 survivors (6144K)
 Metaspace       used 100367K, committed 101376K, reserved 1179648K
  class space    used 13458K, committed 13888K, reserved 1048576K
}
Event: 7165.534 GC heap before
{Heap before GC invocations=106 (full 9):
 garbage-first heap   total 98304K, used 82464K [0x0000000083000000, 0x0000000100000000)
  region size 1024K, 47 young (48128K), 6 survivors (6144K)
 Metaspace       used 100727K, committed 101760K, reserved 1179648K
  class space    used 13501K, committed 13952K, reserved 1048576K
}
Event: 7165.539 GC heap after
{Heap after GC invocations=107 (full 9):
 garbage-first heap   total 98304K, used 43591K [0x0000000083000000, 0x0000000100000000)
  region size 1024K, 4 young (4096K), 4 survivors (4096K)
 Metaspace       used 100727K, committed 101760K, reserved 1179648K
  class space    used 13501K, committed 13952K, reserved 1048576K
}
Event: 7195.224 GC heap before
{Heap before GC invocations=107 (full 9):
 garbage-first heap   total 98304K, used 83527K [0x0000000083000000, 0x0000000100000000)
  region size 1024K, 44 young (45056K), 4 survivors (4096K)
 Metaspace       used 101358K, committed 102400K, reserved 1179648K
  class space    used 13567K, committed 14016K, reserved 1048576K
}
Event: 7195.239 GC heap after
{Heap after GC invocations=108 (full 9):
 garbage-first heap   total 98304K, used 47353K [0x0000000083000000, 0x0000000100000000)
  region size 1024K, 6 young (6144K), 6 survivors (6144K)
 Metaspace       used 101358K, committed 102400K, reserved 1179648K
  class space    used 13567K, committed 14016K, reserved 1048576K
}
Event: 7456.231 GC heap before
{Heap before GC invocations=108 (full 9):
 garbage-first heap   total 98304K, used 77049K [0x0000000083000000, 0x0000000100000000)
  region size 1024K, 36 young (36864K), 6 survivors (6144K)
 Metaspace       used 101405K, committed 102464K, reserved 1179648K
  class space    used 13574K, committed 14080K, reserved 1048576K
}
Event: 7456.321 GC heap after
{Heap after GC invocations=109 (full 10):
 garbage-first heap   total 98304K, used 43388K [0x0000000083000000, 0x0000000100000000)
  region size 1024K, 0 young (0K), 0 survivors (0K)
 Metaspace       used 100256K, committed 102144K, reserved 1179648K
  class space    used 13464K, committed 14080K, reserved 1048576K
}
Event: 7458.521 GC heap before
{Heap before GC invocations=109 (full 10):
 garbage-first heap   total 98304K, used 84348K [0x0000000083000000, 0x0000000100000000)
  region size 1024K, 41 young (41984K), 0 survivors (0K)
 Metaspace       used 100507K, committed 102144K, reserved 1179648K
  class space    used 13493K, committed 14080K, reserved 1048576K
}
Event: 7458.526 GC heap after
{Heap after GC invocations=110 (full 10):
 garbage-first heap   total 98304K, used 47665K [0x0000000083000000, 0x0000000100000000)
  region size 1024K, 5 young (5120K), 5 survivors (5120K)
 Metaspace       used 100507K, committed 102144K, reserved 1179648K
  class space    used 13493K, committed 14080K, reserved 1048576K
}
Event: 7458.991 GC heap before
{Heap before GC invocations=111 (full 10):
 garbage-first heap   total 98304K, used 82481K [0x0000000083000000, 0x0000000100000000)
  region size 1024K, 40 young (40960K), 5 survivors (5120K)
 Metaspace       used 100544K, committed 102144K, reserved 1179648K
  class space    used 13487K, committed 14080K, reserved 1048576K
}
Event: 7459.005 GC heap after
{Heap after GC invocations=112 (full 10):
 garbage-first heap   total 98304K, used 49184K [0x0000000083000000, 0x0000000100000000)
  region size 1024K, 3 young (3072K), 3 survivors (3072K)
 Metaspace       used 100544K, committed 102144K, reserved 1179648K
  class space    used 13487K, committed 14080K, reserved 1048576K
}
Event: 7459.832 GC heap before
{Heap before GC invocations=112 (full 10):
 garbage-first heap   total 98304K, used 85024K [0x0000000083000000, 0x0000000100000000)
  region size 1024K, 38 young (38912K), 3 survivors (3072K)
 Metaspace       used 101142K, committed 102272K, reserved 1179648K
  class space    used 13543K, committed 14080K, reserved 1048576K
}
Event: 7459.837 GC heap after
{Heap after GC invocations=113 (full 10):
 garbage-first heap   total 98304K, used 52400K [0x0000000083000000, 0x0000000100000000)
  region size 1024K, 5 young (5120K), 5 survivors (5120K)
 Metaspace       used 101142K, committed 102272K, reserved 1179648K
  class space    used 13543K, committed 14080K, reserved 1048576K
}
Event: 7595.867 GC heap before
{Heap before GC invocations=113 (full 10):
 garbage-first heap   total 98304K, used 74928K [0x0000000083000000, 0x0000000100000000)
  region size 1024K, 28 young (28672K), 5 survivors (5120K)
 Metaspace       used 101347K, committed 102464K, reserved 1179648K
  class space    used 13561K, committed 14080K, reserved 1048576K
}

